2017-09-26 12:47:55,469 [Worker-5] INFO  c.g.t.t.d.PublishedGradleVersions - Gradle version information cache is out-of-date. Trying to update.
2017-09-27 12:50:02,103 [Worker-3] INFO  c.g.t.t.d.PublishedGradleVersions - Gradle version information cache is out-of-date. Trying to update.
2017-09-28 11:19:03,136 [Worker-4] INFO  c.g.t.t.d.PublishedGradleVersions - Gradle version information cache is up-to-date. Trying to read.
2017-09-30 19:08:08,880 [Worker-3] INFO  c.g.t.t.d.PublishedGradleVersions - Gradle version information cache is out-of-date. Trying to update.
2017-10-01 22:15:56,942 [Worker-4] INFO  c.g.t.t.d.PublishedGradleVersions - Gradle version information cache is out-of-date. Trying to update.
2017-10-08 17:59:04,654 [Worker-0] INFO  c.g.t.t.d.PublishedGradleVersions - Gradle version information cache is up-to-date. Trying to read.
2017-10-09 09:44:54,564 [Worker-1] INFO  c.g.t.t.d.PublishedGradleVersions - Gradle version information cache is up-to-date. Trying to read.
2017-10-09 23:17:57,538 [Worker-4] INFO  c.g.t.t.d.PublishedGradleVersions - Gradle version information cache is out-of-date. Trying to update.
2017-10-11 22:03:08,618 [Worker-3] INFO  c.g.t.t.d.PublishedGradleVersions - Gradle version information cache is out-of-date. Trying to update.
2017-10-13 11:37:18,573 [Worker-0] INFO  c.g.t.t.d.PublishedGradleVersions - Gradle version information cache is out-of-date. Trying to update.
2017-10-14 16:34:24,720 [Worker-1] INFO  c.g.t.t.d.PublishedGradleVersions - Gradle version information cache is out-of-date. Trying to update.
2017-10-15 18:58:05,303 [Worker-1] INFO  c.g.t.t.d.PublishedGradleVersions - Gradle version information cache is out-of-date. Trying to update.
2017-10-16 11:57:55,547 [Worker-6] INFO  c.g.t.t.d.PublishedGradleVersions - Gradle version information cache is up-to-date. Trying to read.
2017-10-21 13:03:30,405 [Worker-4] INFO  c.g.t.t.d.PublishedGradleVersions - Gradle version information cache is out-of-date. Trying to update.
2017-10-24 23:45:17,171 [Worker-1] INFO  c.g.t.t.d.PublishedGradleVersions - Gradle version information cache is out-of-date. Trying to update.
2017-10-28 15:18:59,339 [Worker-5] INFO  c.g.t.t.d.PublishedGradleVersions - Gradle version information cache is out-of-date. Trying to update.
2017-10-30 12:17:27,222 [Worker-2] INFO  c.g.t.t.d.PublishedGradleVersions - Gradle version information cache is out-of-date. Trying to update.
2017-10-31 16:57:18,783 [Worker-0] INFO  c.g.t.t.d.PublishedGradleVersions - Gradle version information cache is out-of-date. Trying to update.
2017-11-05 10:57:56,093 [Worker-5] INFO  c.g.t.t.d.PublishedGradleVersions - Gradle version information cache is out-of-date. Trying to update.
2017-11-07 08:15:53,564 [Worker-3] INFO  c.g.t.t.d.PublishedGradleVersions - Gradle version information cache is out-of-date. Trying to update.
2017-11-08 23:22:35,709 [Worker-1] INFO  c.g.t.t.d.PublishedGradleVersions - Gradle version information cache is out-of-date. Trying to update.
2017-11-12 18:38:39,518 [Worker-5] INFO  c.g.t.t.d.PublishedGradleVersions - Gradle version information cache is out-of-date. Trying to update.
2017-11-13 23:37:33,602 [Worker-3] INFO  c.g.t.t.d.PublishedGradleVersions - Gradle version information cache is out-of-date. Trying to update.
2017-11-15 16:14:33,845 [Worker-3] INFO  c.g.t.t.d.PublishedGradleVersions - Gradle version information cache is out-of-date. Trying to update.
2017-11-20 21:19:35,754 [Worker-20] INFO  c.g.t.t.d.PublishedGradleVersions - Gradle version information cache is out-of-date. Trying to update.
2017-11-21 09:04:48,163 [Worker-5] INFO  c.g.t.t.d.PublishedGradleVersions - Gradle version information cache is up-to-date. Trying to read.
2017-11-29 23:40:18,465 [Worker-5] INFO  c.g.t.t.d.PublishedGradleVersions - Gradle version information cache is out-of-date. Trying to update.
2017-11-30 12:33:53,797 [Worker-3] INFO  c.g.t.t.d.PublishedGradleVersions - Gradle version information cache is up-to-date. Trying to read.
2017-12-03 19:08:12,427 [Worker-4] INFO  c.g.t.t.d.PublishedGradleVersions - Gradle version information cache is out-of-date. Trying to update.
2018-01-02 12:05:34,732 [Worker-2] INFO  c.g.t.t.d.PublishedGradleVersions - Gradle version information cache is up-to-date. Trying to read.
2018-01-02 22:50:17,227 [Worker-0] INFO  c.g.t.t.d.PublishedGradleVersions - Gradle version information cache is out-of-date. Trying to update.
2018-01-03 16:42:45,580 [Worker-0] INFO  c.g.t.t.d.PublishedGradleVersions - Gradle version information cache is up-to-date. Trying to read.
2018-01-04 12:11:05,043 [Worker-0] INFO  c.g.t.t.d.PublishedGradleVersions - Gradle version information cache is out-of-date. Trying to update.
2018-01-04 13:00:59,765 [Worker-3] INFO  c.g.t.t.d.PublishedGradleVersions - Gradle version information cache is up-to-date. Trying to read.
2018-01-06 16:35:07,444 [Worker-0] INFO  c.g.t.t.d.PublishedGradleVersions - Gradle version information cache is up-to-date. Trying to read.
2018-01-09 22:58:33,039 [Worker-0] INFO  c.g.t.t.d.PublishedGradleVersions - Gradle version information cache is out-of-date. Trying to update.
2018-01-11 23:04:27,421 [Worker-4] INFO  c.g.t.t.d.PublishedGradleVersions - Gradle version information cache is out-of-date. Trying to update.
2018-01-13 23:11:42,739 [Worker-0] INFO  c.g.t.t.d.PublishedGradleVersions - Gradle version information cache is out-of-date. Trying to update.
2018-01-17 20:49:41,056 [Worker-3] INFO  c.g.t.t.d.PublishedGradleVersions - Gradle version information cache is out-of-date. Trying to update.
2018-01-18 11:52:16,282 [Worker-3] INFO  c.g.t.t.d.PublishedGradleVersions - Gradle version information cache is up-to-date. Trying to read.
2018-01-18 21:52:02,148 [Worker-3] INFO  c.g.t.t.d.PublishedGradleVersions - Gradle version information cache is out-of-date. Trying to update.
2018-01-19 22:10:03,610 [Worker-0] INFO  c.g.t.t.d.PublishedGradleVersions - Gradle version information cache is out-of-date. Trying to update.
2018-01-20 11:23:57,010 [Worker-3] INFO  c.g.t.t.d.PublishedGradleVersions - Gradle version information cache is up-to-date. Trying to read.
2018-01-26 12:53:35,234 [Worker-6] INFO  c.g.t.t.d.PublishedGradleVersions - Gradle version information cache is up-to-date. Trying to read.
2018-01-26 15:43:46,293 [Worker-0] INFO  c.g.t.t.d.PublishedGradleVersions - Gradle version information cache is up-to-date. Trying to read.
2018-01-27 09:28:02,376 [Worker-1] INFO  c.g.t.t.d.PublishedGradleVersions - Gradle version information cache is up-to-date. Trying to read.
2018-02-02 13:04:20,170 [Worker-0] INFO  c.g.t.t.d.PublishedGradleVersions - Gradle version information cache is up-to-date. Trying to read.
2018-02-08 17:57:06,882 [Worker-0] INFO  c.g.t.t.d.PublishedGradleVersions - Gradle version information cache is out-of-date. Trying to update.
2018-02-09 18:15:03,457 [Worker-5] INFO  c.g.t.t.d.PublishedGradleVersions - Gradle version information cache is out-of-date. Trying to update.
2018-02-10 20:38:12,018 [Worker-4] INFO  c.g.t.t.d.PublishedGradleVersions - Gradle version information cache is out-of-date. Trying to update.
2018-02-11 16:51:44,528 [Worker-4] INFO  c.g.t.t.d.PublishedGradleVersions - Gradle version information cache is up-to-date. Trying to read.
2018-02-12 17:16:06,845 [Worker-3] INFO  c.g.t.t.d.PublishedGradleVersions - Gradle version information cache is out-of-date. Trying to update.
2018-02-13 12:40:57,698 [Worker-4] INFO  c.g.t.t.d.PublishedGradleVersions - Gradle version information cache is up-to-date. Trying to read.
2018-02-13 16:44:57,329 [Start Help Server] INFO  org.eclipse.jetty.util.log - Logging initialized @14655093ms to org.eclipse.jetty.util.log.Slf4jLog
2018-02-13 16:44:57,471 [Start Help Server] INFO  org.eclipse.jetty.server.Server - jetty-9.4.5.v20170502
2018-02-13 16:44:57,496 [Start Help Server] INFO  org.eclipse.jetty.server.session - DefaultSessionIdManager workerName=node0
2018-02-13 16:44:57,496 [Start Help Server] INFO  org.eclipse.jetty.server.session - No SessionScavenger set, using defaults
2018-02-13 16:44:57,498 [Start Help Server] INFO  org.eclipse.jetty.server.session - Scavenging every 600000ms
2018-02-13 16:44:57,535 [Start Help Server] INFO  o.e.j.server.handler.ContextHandler - Started o.e.j.s.ServletContextHandler@6da59d{/help,null,AVAILABLE}
2018-02-13 16:44:57,558 [Start Help Server] INFO  o.e.jetty.server.AbstractConnector - Started ServerConnector@2dd76c{HTTP/1.1,[http/1.1]}{127.0.0.1:51200}
2018-02-13 16:44:57,558 [Start Help Server] INFO  org.eclipse.jetty.server.Server - Started @14655322ms
2018-02-13 16:44:59,717 [qtp12047274-123] WARN  o.eclipse.jetty.server.HttpChannel - /help/advanced/searchToolbar.jsp
org.apache.jasper.JasperException: org.eclipse.jetty.io.RuntimeIOException: org.eclipse.jetty.io.EofException
	at org.apache.jasper.servlet.JspServletWrapper.service(JspServletWrapper.java:432) ~[na:na]
	at org.apache.jasper.servlet.JspServlet.serviceJspFile(JspServlet.java:492) ~[na:na]
	at org.apache.jasper.servlet.JspServlet.service(JspServlet.java:378) ~[na:na]
	at javax.servlet.http.HttpServlet.service(HttpServlet.java:790) ~[javax.servlet_3.1.0.v201410161800.jar:3.1.0]
	at org.eclipse.equinox.jsp.jasper.JspServlet.service(JspServlet.java:155) ~[na:na]
	at javax.servlet.http.HttpServlet.service(HttpServlet.java:790) ~[javax.servlet_3.1.0.v201410161800.jar:3.1.0]
	at org.eclipse.equinox.http.registry.internal.ServletManager$ServletWrapper.service(ServletManager.java:180) ~[na:na]
	at org.eclipse.equinox.http.servlet.internal.HttpServiceRuntimeImpl$LegacyServlet.service(HttpServiceRuntimeImpl.java:1223) ~[na:na]
	at org.eclipse.equinox.http.servlet.internal.registration.EndpointRegistration.service(EndpointRegistration.java:148) ~[na:na]
	at org.eclipse.equinox.http.servlet.internal.servlet.ResponseStateHandler.processRequest(ResponseStateHandler.java:62) ~[na:na]
	at org.eclipse.equinox.http.servlet.internal.context.DispatchTargets.doDispatch(DispatchTargets.java:131) ~[na:na]
	at org.eclipse.equinox.http.servlet.internal.servlet.ProxyServlet.service(ProxyServlet.java:74) ~[na:na]
	at javax.servlet.http.HttpServlet.service(HttpServlet.java:790) ~[javax.servlet_3.1.0.v201410161800.jar:3.1.0]
	at org.eclipse.equinox.http.jetty.internal.HttpServerManager$InternalHttpServiceServlet.service(HttpServerManager.java:284) ~[na:na]
	at org.eclipse.jetty.servlet.ServletHolder.handle(ServletHolder.java:841) ~[na:na]
	at org.eclipse.jetty.servlet.ServletHandler.doHandle(ServletHandler.java:535) ~[na:na]
	at org.eclipse.jetty.server.handler.ScopedHandler.nextHandle(ScopedHandler.java:188) ~[org.eclipse.jetty.server_9.4.5.v20170502.jar:9.4.5.v20170502]
	at org.eclipse.jetty.server.session.SessionHandler.doHandle(SessionHandler.java:1595) ~[org.eclipse.jetty.server_9.4.5.v20170502.jar:9.4.5.v20170502]
	at org.eclipse.jetty.server.handler.ScopedHandler.nextHandle(ScopedHandler.java:188) ~[org.eclipse.jetty.server_9.4.5.v20170502.jar:9.4.5.v20170502]
	at org.eclipse.jetty.server.handler.ContextHandler.doHandle(ContextHandler.java:1253) ~[org.eclipse.jetty.server_9.4.5.v20170502.jar:9.4.5.v20170502]
	at org.eclipse.jetty.server.handler.ScopedHandler.nextScope(ScopedHandler.java:168) ~[org.eclipse.jetty.server_9.4.5.v20170502.jar:9.4.5.v20170502]
	at org.eclipse.jetty.servlet.ServletHandler.doScope(ServletHandler.java:473) ~[na:na]
	at org.eclipse.jetty.server.session.SessionHandler.doScope(SessionHandler.java:1564) ~[org.eclipse.jetty.server_9.4.5.v20170502.jar:9.4.5.v20170502]
	at org.eclipse.jetty.server.handler.ScopedHandler.nextScope(ScopedHandler.java:166) ~[org.eclipse.jetty.server_9.4.5.v20170502.jar:9.4.5.v20170502]
	at org.eclipse.jetty.server.handler.ContextHandler.doScope(ContextHandler.java:1155) ~[org.eclipse.jetty.server_9.4.5.v20170502.jar:9.4.5.v20170502]
	at org.eclipse.jetty.server.handler.ScopedHandler.handle(ScopedHandler.java:141) ~[org.eclipse.jetty.server_9.4.5.v20170502.jar:9.4.5.v20170502]
	at org.eclipse.jetty.server.handler.HandlerWrapper.handle(HandlerWrapper.java:132) ~[org.eclipse.jetty.server_9.4.5.v20170502.jar:9.4.5.v20170502]
	at org.eclipse.jetty.server.Server.handle(Server.java:564) ~[org.eclipse.jetty.server_9.4.5.v20170502.jar:9.4.5.v20170502]
	at org.eclipse.jetty.server.HttpChannel.handle(HttpChannel.java:317) ~[org.eclipse.jetty.server_9.4.5.v20170502.jar:9.4.5.v20170502]
	at org.eclipse.jetty.server.HttpConnection.onFillable(HttpConnection.java:251) [org.eclipse.jetty.server_9.4.5.v20170502.jar:9.4.5.v20170502]
	at org.eclipse.jetty.io.AbstractConnection$ReadCallback.succeeded(AbstractConnection.java:279) [org.eclipse.jetty.io_9.4.5.v20170502.jar:9.4.5.v20170502]
	at org.eclipse.jetty.io.FillInterest.fillable(FillInterest.java:110) [org.eclipse.jetty.io_9.4.5.v20170502.jar:9.4.5.v20170502]
	at org.eclipse.jetty.io.ChannelEndPoint$2.run(ChannelEndPoint.java:124) [org.eclipse.jetty.io_9.4.5.v20170502.jar:9.4.5.v20170502]
	at org.eclipse.jetty.util.thread.Invocable.invokePreferred(Invocable.java:128) [org.eclipse.jetty.util_9.4.5.v20170502.jar:9.4.5.v20170502]
	at org.eclipse.jetty.util.thread.Invocable$InvocableExecutor.invoke(Invocable.java:222) [org.eclipse.jetty.util_9.4.5.v20170502.jar:9.4.5.v20170502]
	at org.eclipse.jetty.util.thread.strategy.EatWhatYouKill.doProduce(EatWhatYouKill.java:294) [org.eclipse.jetty.util_9.4.5.v20170502.jar:9.4.5.v20170502]
	at org.eclipse.jetty.util.thread.strategy.EatWhatYouKill.run(EatWhatYouKill.java:199) [org.eclipse.jetty.util_9.4.5.v20170502.jar:9.4.5.v20170502]
	at org.eclipse.jetty.util.thread.QueuedThreadPool.runJob(QueuedThreadPool.java:672) [org.eclipse.jetty.util_9.4.5.v20170502.jar:9.4.5.v20170502]
	at org.eclipse.jetty.util.thread.QueuedThreadPool$2.run(QueuedThreadPool.java:590) [org.eclipse.jetty.util_9.4.5.v20170502.jar:9.4.5.v20170502]
	at java.lang.Thread.run(Thread.java:748) [na:1.8.0_131]
Caused by: org.eclipse.jetty.io.RuntimeIOException: org.eclipse.jetty.io.EofException
	at org.eclipse.jetty.server.ResponseWriter.isOpen(ResponseWriter.java:133) ~[org.eclipse.jetty.server_9.4.5.v20170502.jar:9.4.5.v20170502]
	at org.eclipse.jetty.server.ResponseWriter.write(ResponseWriter.java:202) ~[org.eclipse.jetty.server_9.4.5.v20170502.jar:9.4.5.v20170502]
	at java.io.PrintWriter.write(PrintWriter.java:426) ~[na:1.8.0_131]
	at org.eclipse.equinox.http.servlet.internal.servlet.HttpServletResponseWrapperImpl$InternalWriter.write(HttpServletResponseWrapperImpl.java:176) ~[na:na]
	at org.apache.jasper.runtime.JspWriterImpl.flushBuffer(JspWriterImpl.java:185) ~[na:na]
	at org.apache.jasper.runtime.PageContextImpl.release(PageContextImpl.java:239) ~[na:na]
	at org.apache.jasper.runtime.JspFactoryImpl.internalReleasePageContext(JspFactoryImpl.java:185) ~[na:na]
	at org.apache.jasper.runtime.JspFactoryImpl.releasePageContext(JspFactoryImpl.java:137) ~[na:na]
	at org.apache.jsp.advanced.searchToolbar_jsp._jspService(org.apache.jsp.advanced.searchToolbar_jsp:97) ~[na:na]
	at org.apache.jasper.runtime.HttpJspBase.service(HttpJspBase.java:111) ~[na:na]
	at javax.servlet.http.HttpServlet.service(HttpServlet.java:790) ~[javax.servlet_3.1.0.v201410161800.jar:3.1.0]
	at org.apache.jasper.servlet.JspServletWrapper.service(JspServletWrapper.java:403) ~[na:na]
	... 39 common frames omitted
Caused by: org.eclipse.jetty.io.EofException: null
	at org.eclipse.jetty.io.ChannelEndPoint.flush(ChannelEndPoint.java:292) ~[org.eclipse.jetty.io_9.4.5.v20170502.jar:9.4.5.v20170502]
	at org.eclipse.jetty.io.WriteFlusher.flush(WriteFlusher.java:429) ~[org.eclipse.jetty.io_9.4.5.v20170502.jar:9.4.5.v20170502]
	at org.eclipse.jetty.io.WriteFlusher.write(WriteFlusher.java:322) ~[org.eclipse.jetty.io_9.4.5.v20170502.jar:9.4.5.v20170502]
	at org.eclipse.jetty.io.AbstractEndPoint.write(AbstractEndPoint.java:372) ~[org.eclipse.jetty.io_9.4.5.v20170502.jar:9.4.5.v20170502]
	at org.eclipse.jetty.server.HttpConnection$SendCallback.process(HttpConnection.java:741) ~[org.eclipse.jetty.server_9.4.5.v20170502.jar:9.4.5.v20170502]
	at org.eclipse.jetty.util.IteratingCallback.processing(IteratingCallback.java:241) ~[org.eclipse.jetty.util_9.4.5.v20170502.jar:9.4.5.v20170502]
	at org.eclipse.jetty.util.IteratingCallback.iterate(IteratingCallback.java:224) ~[org.eclipse.jetty.util_9.4.5.v20170502.jar:9.4.5.v20170502]
	at org.eclipse.jetty.server.HttpConnection.send(HttpConnection.java:521) [org.eclipse.jetty.server_9.4.5.v20170502.jar:9.4.5.v20170502]
	at org.eclipse.jetty.server.HttpChannel.sendResponse(HttpChannel.java:712) ~[org.eclipse.jetty.server_9.4.5.v20170502.jar:9.4.5.v20170502]
	at org.eclipse.jetty.server.HttpChannel.write(HttpChannel.java:768) ~[org.eclipse.jetty.server_9.4.5.v20170502.jar:9.4.5.v20170502]
	at org.eclipse.jetty.server.HttpOutput.write(HttpOutput.java:234) ~[org.eclipse.jetty.server_9.4.5.v20170502.jar:9.4.5.v20170502]
	at org.eclipse.jetty.server.HttpOutput.write(HttpOutput.java:218) ~[org.eclipse.jetty.server_9.4.5.v20170502.jar:9.4.5.v20170502]
	at org.eclipse.jetty.server.HttpOutput.write(HttpOutput.java:509) ~[org.eclipse.jetty.server_9.4.5.v20170502.jar:9.4.5.v20170502]
	at java.io.ByteArrayOutputStream.writeTo(ByteArrayOutputStream.java:167) ~[na:1.8.0_131]
	at org.eclipse.jetty.server.Utf8HttpWriter.write(Utf8HttpWriter.java:183) ~[org.eclipse.jetty.server_9.4.5.v20170502.jar:9.4.5.v20170502]
	at org.eclipse.jetty.server.ResponseWriter.write(ResponseWriter.java:203) ~[org.eclipse.jetty.server_9.4.5.v20170502.jar:9.4.5.v20170502]
	at java.io.PrintWriter.write(PrintWriter.java:426) ~[na:1.8.0_131]
	at org.eclipse.equinox.http.servlet.internal.servlet.HttpServletResponseWrapperImpl$InternalWriter.write(HttpServletResponseWrapperImpl.java:176) ~[na:na]
	at org.apache.jasper.runtime.JspWriterImpl.write(JspWriterImpl.java:409) ~[na:na]
	at java.io.PrintWriter.write(PrintWriter.java:426) ~[na:1.8.0_131]
	at org.apache.jasper.runtime.JspWriterImpl.flushBuffer(JspWriterImpl.java:185) ~[na:na]
	at org.apache.jasper.runtime.JspWriterImpl.write(JspWriterImpl.java:458) ~[na:na]
	at org.apache.jasper.runtime.JspWriterImpl.write(JspWriterImpl.java:471) ~[na:na]
	at org.apache.jasper.runtime.JspWriterImpl.print(JspWriterImpl.java:596) ~[na:na]
	at org.apache.jsp.advanced.toolbar_jsp._jspService(org.apache.jsp.advanced.toolbar_jsp:681) ~[na:na]
	at org.apache.jasper.runtime.HttpJspBase.service(HttpJspBase.java:111) ~[na:na]
	at javax.servlet.http.HttpServlet.service(HttpServlet.java:790) ~[javax.servlet_3.1.0.v201410161800.jar:3.1.0]
	at org.apache.jasper.servlet.JspServletWrapper.service(JspServletWrapper.java:403) ~[na:na]
	at org.apache.jasper.servlet.JspServlet.serviceJspFile(JspServlet.java:492) ~[na:na]
	at org.apache.jasper.servlet.JspServlet.service(JspServlet.java:378) ~[na:na]
	at javax.servlet.http.HttpServlet.service(HttpServlet.java:790) ~[javax.servlet_3.1.0.v201410161800.jar:3.1.0]
	at org.eclipse.equinox.jsp.jasper.JspServlet.service(JspServlet.java:155) ~[na:na]
	at javax.servlet.http.HttpServlet.service(HttpServlet.java:790) ~[javax.servlet_3.1.0.v201410161800.jar:3.1.0]
	at org.eclipse.equinox.http.registry.internal.ServletManager$ServletWrapper.service(ServletManager.java:180) ~[na:na]
	at org.eclipse.equinox.http.servlet.internal.HttpServiceRuntimeImpl$LegacyServlet.service(HttpServiceRuntimeImpl.java:1223) ~[na:na]
	at org.eclipse.equinox.http.servlet.internal.registration.EndpointRegistration.service(EndpointRegistration.java:148) ~[na:na]
	at org.eclipse.equinox.http.servlet.internal.servlet.ResponseStateHandler.processRequest(ResponseStateHandler.java:62) ~[na:na]
	at org.eclipse.equinox.http.servlet.internal.context.DispatchTargets.doDispatch(DispatchTargets.java:131) ~[na:na]
	at org.eclipse.equinox.http.servlet.internal.servlet.RequestDispatcherAdaptor.include(RequestDispatcherAdaptor.java:48) ~[na:na]
	at org.apache.jasper.runtime.JspRuntimeLibrary.include(JspRuntimeLibrary.java:1015) ~[na:na]
	at org.apache.jsp.advanced.searchToolbar_jsp._jspService(org.apache.jsp.advanced.searchToolbar_jsp:87) ~[na:na]
	... 42 common frames omitted
Caused by: java.io.IOException: An existing connection was forcibly closed by the remote host
	at sun.nio.ch.SocketDispatcher.writev0(Native Method) ~[na:1.8.0_131]
	at sun.nio.ch.SocketDispatcher.writev(SocketDispatcher.java:55) ~[na:1.8.0_131]
	at sun.nio.ch.IOUtil.write(IOUtil.java:148) ~[na:1.8.0_131]
	at sun.nio.ch.SocketChannelImpl.write(SocketChannelImpl.java:504) ~[na:1.8.0_131]
	at org.eclipse.jetty.io.ChannelEndPoint.flush(ChannelEndPoint.java:272) ~[org.eclipse.jetty.io_9.4.5.v20170502.jar:9.4.5.v20170502]
	... 82 common frames omitted
2018-02-13 17:02:32,639 [Stop Help Server] INFO  o.e.jetty.server.AbstractConnector - Stopped ServerConnector@2dd76c{HTTP/1.1,[http/1.1]}{127.0.0.1:0}
2018-02-13 17:02:32,639 [Stop Help Server] INFO  org.eclipse.jetty.server.session - Stopped scavenging
2018-02-13 17:02:32,700 [Stop Help Server] INFO  o.e.j.server.handler.ContextHandler - Stopped o.e.j.s.ServletContextHandler@6da59d{/help,null,UNAVAILABLE}
2018-02-13 21:31:17,499 [Worker-1] INFO  c.g.t.t.d.PublishedGradleVersions - Gradle version information cache is out-of-date. Trying to update.
2018-02-14 14:15:05,048 [Worker-0] INFO  c.g.t.t.d.PublishedGradleVersions - Gradle version information cache is up-to-date. Trying to read.
2018-02-14 17:01:01,701 [Worker-3] INFO  c.g.t.t.d.PublishedGradleVersions - Gradle version information cache is up-to-date. Trying to read.
2018-02-15 11:25:15,193 [Worker-1] INFO  c.g.t.t.d.PublishedGradleVersions - Gradle version information cache is up-to-date. Trying to read.
2018-02-21 14:45:37,672 [Worker-1] INFO  c.g.t.t.d.PublishedGradleVersions - Gradle version information cache is out-of-date. Trying to update.
2018-02-22 12:04:50,317 [Worker-4] INFO  c.g.t.t.d.PublishedGradleVersions - Gradle version information cache is up-to-date. Trying to read.
2018-02-22 22:08:09,161 [Worker-4] INFO  c.g.t.t.d.PublishedGradleVersions - Gradle version information cache is out-of-date. Trying to update.
2018-03-02 15:48:08,057 [Worker-3] INFO  c.g.t.t.d.PublishedGradleVersions - Gradle version information cache is out-of-date. Trying to update.
2018-03-03 15:54:27,222 [Worker-7] INFO  c.g.t.t.d.PublishedGradleVersions - Gradle version information cache is out-of-date. Trying to update.
2018-03-04 23:04:09,526 [Worker-3] INFO  c.g.t.t.d.PublishedGradleVersions - Gradle version information cache is out-of-date. Trying to update.
2018-03-06 14:49:52,359 [Worker-0] INFO  c.g.t.t.d.PublishedGradleVersions - Gradle version information cache is out-of-date. Trying to update.
2018-03-06 21:17:17,244 [Worker-1] INFO  c.g.t.t.d.PublishedGradleVersions - Gradle version information cache is up-to-date. Trying to read.
2018-03-06 21:25:25,997 [Worker-4] INFO  c.g.t.t.d.PublishedGradleVersions - Gradle version information cache is up-to-date. Trying to read.
2018-03-07 12:13:42,986 [Worker-6] INFO  c.g.t.t.d.PublishedGradleVersions - Gradle version information cache is up-to-date. Trying to read.
2018-03-11 12:47:23,804 [Worker-13] INFO  c.g.t.t.d.PublishedGradleVersions - Gradle version information cache is out-of-date. Trying to update.
2018-03-11 16:49:03,259 [Worker-4] INFO  c.g.t.t.d.PublishedGradleVersions - Gradle version information cache is up-to-date. Trying to read.
2018-03-12 17:18:46,567 [Worker-0] INFO  c.g.t.t.d.PublishedGradleVersions - Gradle version information cache is out-of-date. Trying to update.
2018-03-12 21:03:32,664 [Worker-0] INFO  c.g.t.t.d.PublishedGradleVersions - Gradle version information cache is up-to-date. Trying to read.
2018-03-13 11:46:55,939 [Worker-2] INFO  c.g.t.t.d.PublishedGradleVersions - Gradle version information cache is up-to-date. Trying to read.
2018-03-13 12:03:28,535 [Worker-4] INFO  c.g.t.t.d.PublishedGradleVersions - Gradle version information cache is up-to-date. Trying to read.
2018-03-14 09:13:32,472 [Worker-3] INFO  c.g.t.t.d.PublishedGradleVersions - Gradle version information cache is up-to-date. Trying to read.
2018-03-14 15:41:54,816 [Worker-1] INFO  c.g.t.t.d.PublishedGradleVersions - Gradle version information cache is up-to-date. Trying to read.
2018-03-14 21:04:36,762 [Worker-3] INFO  c.g.t.t.d.PublishedGradleVersions - Gradle version information cache is up-to-date. Trying to read.
2018-03-15 09:49:41,455 [Worker-3] INFO  c.g.t.t.d.PublishedGradleVersions - Gradle version information cache is out-of-date. Trying to update.
2018-03-15 12:19:39,387 [Worker-6] INFO  c.g.t.t.d.PublishedGradleVersions - Gradle version information cache is up-to-date. Trying to read.
2018-03-18 12:29:33,593 [Worker-4] INFO  c.g.t.t.d.PublishedGradleVersions - Gradle version information cache is out-of-date. Trying to update.
2018-03-19 23:34:18,229 [Worker-4] INFO  c.g.t.t.d.PublishedGradleVersions - Gradle version information cache is out-of-date. Trying to update.
2018-03-20 09:36:29,026 [Worker-3] INFO  c.g.t.t.d.PublishedGradleVersions - Gradle version information cache is up-to-date. Trying to read.
2018-03-20 15:10:39,711 [Worker-3] INFO  c.g.t.t.d.PublishedGradleVersions - Gradle version information cache is up-to-date. Trying to read.
2018-03-21 23:18:57,546 [Worker-0] INFO  c.g.t.t.d.PublishedGradleVersions - Gradle version information cache is out-of-date. Trying to update.
2018-03-22 09:18:50,894 [Worker-0] INFO  c.g.t.t.d.PublishedGradleVersions - Gradle version information cache is up-to-date. Trying to read.
2018-03-22 12:54:19,873 [Worker-4] INFO  c.g.t.t.d.PublishedGradleVersions - Gradle version information cache is up-to-date. Trying to read.
2018-03-23 08:55:42,644 [Worker-4] INFO  c.g.t.t.d.PublishedGradleVersions - Gradle version information cache is out-of-date. Trying to update.
2018-03-25 12:15:55,255 [Worker-0] INFO  c.g.t.t.d.PublishedGradleVersions - Gradle version information cache is up-to-date. Trying to read.
2018-03-26 14:35:16,386 [Worker-3] INFO  c.g.t.t.d.PublishedGradleVersions - Gradle version information cache is up-to-date. Trying to read.
2018-03-26 19:56:50,909 [Worker-4] INFO  c.g.t.t.d.PublishedGradleVersions - Gradle version information cache is up-to-date. Trying to read.
2018-03-27 08:56:49,423 [Worker-3] INFO  c.g.t.t.d.PublishedGradleVersions - Gradle version information cache is out-of-date. Trying to update.
2018-03-28 23:15:38,728 [Worker-2] INFO  c.g.t.t.d.PublishedGradleVersions - Gradle version information cache is out-of-date. Trying to update.
2018-03-29 09:57:47,107 [Worker-3] INFO  c.g.t.t.d.PublishedGradleVersions - Gradle version information cache is up-to-date. Trying to read.
2018-03-30 12:16:37,878 [Worker-4] INFO  c.g.t.t.d.PublishedGradleVersions - Gradle version information cache is out-of-date. Trying to update.
2018-03-31 12:44:39,501 [Worker-1] INFO  c.g.t.t.d.PublishedGradleVersions - Gradle version information cache is out-of-date. Trying to update.
2018-04-01 00:11:42,311 [Worker-3] INFO  c.g.t.t.d.PublishedGradleVersions - Gradle version information cache is up-to-date. Trying to read.
2018-04-01 12:58:01,105 [Worker-5] INFO  c.g.t.t.d.PublishedGradleVersions - Gradle version information cache is out-of-date. Trying to update.
2018-04-02 21:47:07,062 [Worker-3] INFO  c.g.t.t.d.PublishedGradleVersions - Gradle version information cache is out-of-date. Trying to update.
2018-04-08 21:18:05,177 [Worker-5] INFO  c.g.t.t.d.PublishedGradleVersions - Gradle version information cache is up-to-date. Trying to read.
2018-04-09 11:16:32,623 [Worker-0] INFO  c.g.t.t.d.PublishedGradleVersions - Gradle version information cache is up-to-date. Trying to read.
2018-04-09 14:40:50,742 [Worker-3] INFO  c.g.t.t.d.PublishedGradleVersions - Gradle version information cache is up-to-date. Trying to read.
2018-04-09 20:18:16,924 [Worker-5] INFO  c.g.t.t.d.PublishedGradleVersions - Gradle version information cache is up-to-date. Trying to read.
2018-04-12 09:36:20,810 [Worker-4] INFO  c.g.t.t.d.PublishedGradleVersions - Gradle version information cache is out-of-date. Trying to update.
2018-04-13 09:40:11,771 [Worker-3] INFO  c.g.t.t.d.PublishedGradleVersions - Gradle version information cache is up-to-date. Trying to read.
2018-04-13 17:50:14,581 [Worker-1] INFO  c.g.t.t.d.PublishedGradleVersions - Gradle version information cache is up-to-date. Trying to read.
2018-04-13 22:20:02,524 [Worker-4] INFO  c.g.t.t.d.PublishedGradleVersions - Gradle version information cache is up-to-date. Trying to read.
2018-04-14 13:40:14,964 [Worker-3] INFO  c.g.t.t.d.PublishedGradleVersions - Gradle version information cache is out-of-date. Trying to update.
2018-04-14 16:30:23,009 [Worker-3] INFO  c.g.t.t.d.PublishedGradleVersions - Gradle version information cache is up-to-date. Trying to read.
2018-04-16 12:59:22,735 [Worker-3] INFO  c.g.t.t.d.PublishedGradleVersions - Gradle version information cache is up-to-date. Trying to read.
2018-04-16 15:16:14,756 [Worker-1] INFO  c.g.t.t.d.PublishedGradleVersions - Gradle version information cache is up-to-date. Trying to read.
2018-04-16 23:57:59,347 [Worker-15] INFO  c.g.t.t.d.PublishedGradleVersions - Gradle version information cache is out-of-date. Trying to update.
2018-04-17 08:41:02,378 [Worker-1] INFO  c.g.t.t.d.PublishedGradleVersions - Gradle version information cache is up-to-date. Trying to read.
2018-04-17 08:52:58,638 [Worker-4] INFO  c.g.t.t.d.PublishedGradleVersions - Gradle version information cache is up-to-date. Trying to read.
2018-04-17 14:45:30,536 [Worker-0] INFO  c.g.t.t.d.PublishedGradleVersions - Gradle version information cache is up-to-date. Trying to read.
2018-04-18 08:53:39,345 [Worker-0] INFO  c.g.t.t.d.PublishedGradleVersions - Gradle version information cache is out-of-date. Trying to update.
2018-04-19 12:27:11,092 [Worker-3] INFO  c.g.t.t.d.PublishedGradleVersions - Gradle version information cache is out-of-date. Trying to update.
2018-04-20 12:54:32,696 [Worker-0] INFO  c.g.t.t.d.PublishedGradleVersions - Gradle version information cache is out-of-date. Trying to update.
2018-04-24 14:44:50,026 [Worker-1] INFO  c.g.t.t.d.PublishedGradleVersions - Gradle version information cache is up-to-date. Trying to read.
2018-04-25 15:08:56,168 [Worker-23] INFO  c.g.t.t.d.PublishedGradleVersions - Gradle version information cache is out-of-date. Trying to update.
2018-04-25 19:57:59,224 [Worker-0] INFO  c.g.t.t.d.PublishedGradleVersions - Gradle version information cache is up-to-date. Trying to read.
2018-04-25 23:14:28,894 [Worker-3] INFO  c.g.t.t.d.PublishedGradleVersions - Gradle version information cache is up-to-date. Trying to read.
2018-04-26 15:42:57,534 [Worker-41] INFO  c.g.t.t.d.PublishedGradleVersions - Gradle version information cache is out-of-date. Trying to update.
2018-04-29 19:08:08,740 [Worker-5] INFO  c.g.t.t.d.PublishedGradleVersions - Gradle version information cache is out-of-date. Trying to update.
2018-05-01 13:05:16,921 [Worker-3] INFO  c.g.t.t.d.PublishedGradleVersions - Gradle version information cache is out-of-date. Trying to update.
2018-05-05 16:27:05,616 [Worker-1] INFO  c.g.t.t.d.PublishedGradleVersions - Gradle version information cache is out-of-date. Trying to update.
2018-05-06 13:46:19,479 [Worker-14] INFO  c.g.t.t.d.PublishedGradleVersions - Gradle version information cache is up-to-date. Trying to read.
2018-05-08 10:45:39,180 [Worker-1] INFO  c.g.t.t.d.PublishedGradleVersions - Gradle version information cache is out-of-date. Trying to update.
2018-05-14 10:25:47,393 [Worker-0] INFO  c.g.t.t.d.PublishedGradleVersions - Gradle version information cache is out-of-date. Trying to update.
2018-05-15 10:31:17,598 [Worker-3] INFO  c.g.t.t.d.PublishedGradleVersions - Gradle version information cache is out-of-date. Trying to update.
2018-05-15 23:38:09,401 [Worker-0] INFO  c.g.t.t.d.PublishedGradleVersions - Gradle version information cache is up-to-date. Trying to read.
2018-05-19 15:53:18,912 [Worker-0] INFO  c.g.t.t.d.PublishedGradleVersions - Gradle version information cache is out-of-date. Trying to update.
2018-05-21 10:17:02,466 [Worker-1] INFO  c.g.t.t.d.PublishedGradleVersions - Gradle version information cache is out-of-date. Trying to update.
2018-05-22 14:39:02,913 [Worker-1] INFO  c.g.t.t.d.PublishedGradleVersions - Gradle version information cache is out-of-date. Trying to update.
2018-05-23 12:30:45,969 [Worker-1] INFO  c.g.t.t.d.PublishedGradleVersions - Gradle version information cache is up-to-date. Trying to read.
2018-05-24 08:34:47,860 [Worker-3] INFO  c.g.t.t.d.PublishedGradleVersions - Gradle version information cache is out-of-date. Trying to update.
2018-05-24 12:57:40,714 [Worker-3] INFO  c.g.t.t.d.PublishedGradleVersions - Gradle version information cache is up-to-date. Trying to read.
2018-05-25 12:49:47,760 [Worker-4] INFO  c.g.t.t.d.PublishedGradleVersions - Gradle version information cache is out-of-date. Trying to update.
2018-05-25 17:15:42,736 [Worker-22] INFO  c.g.t.t.d.PublishedGradleVersions - Gradle version information cache is up-to-date. Trying to read.
2018-05-29 15:14:25,005 [Worker-19] INFO  c.g.t.t.d.PublishedGradleVersions - Gradle version information cache is up-to-date. Trying to read.
2018-05-30 17:28:53,330 [Worker-4] INFO  c.g.t.t.d.PublishedGradleVersions - Gradle version information cache is out-of-date. Trying to update.
2018-05-30 23:04:56,260 [Worker-0] INFO  c.g.t.t.d.PublishedGradleVersions - Gradle version information cache is up-to-date. Trying to read.
2018-05-31 19:14:01,593 [Worker-5] INFO  c.g.t.t.d.PublishedGradleVersions - Gradle version information cache is out-of-date. Trying to update.
2018-06-01 12:31:00,525 [Worker-0] INFO  c.g.t.t.d.PublishedGradleVersions - Gradle version information cache is up-to-date. Trying to read.
2018-06-05 15:13:42,461 [Worker-3] INFO  c.g.t.t.d.PublishedGradleVersions - Gradle version information cache is out-of-date. Trying to update.
2018-06-08 12:16:04,042 [Worker-0] INFO  c.g.t.t.d.PublishedGradleVersions - Gradle version information cache is out-of-date. Trying to update.
2018-06-11 17:11:45,687 [Worker-6] INFO  c.g.t.t.d.PublishedGradleVersions - Gradle version information cache is out-of-date. Trying to update.
2018-06-12 12:13:10,541 [Worker-1] INFO  c.g.t.t.d.PublishedGradleVersions - Gradle version information cache is up-to-date. Trying to read.
2018-06-15 10:55:21,139 [Worker-5] INFO  c.g.t.t.d.PublishedGradleVersions - Gradle version information cache is out-of-date. Trying to update.
2018-06-20 15:50:39,616 [Worker-3] INFO  c.g.t.t.d.PublishedGradleVersions - Gradle version information cache is out-of-date. Trying to update.
2018-06-21 17:25:16,356 [Worker-15] INFO  c.g.t.t.d.PublishedGradleVersions - Gradle version information cache is out-of-date. Trying to update.
2018-06-22 13:10:18,307 [Worker-1] INFO  c.g.t.t.d.PublishedGradleVersions - Gradle version information cache is up-to-date. Trying to read.
2018-06-22 15:43:29,132 [Worker-1] INFO  c.g.t.t.d.PublishedGradleVersions - Gradle version information cache is up-to-date. Trying to read.
2018-06-23 10:35:54,468 [Worker-0] INFO  c.g.t.t.d.PublishedGradleVersions - Gradle version information cache is out-of-date. Trying to update.
2018-06-23 18:55:11,631 [Worker-4] INFO  c.g.t.t.d.PublishedGradleVersions - Gradle version information cache is up-to-date. Trying to read.
2018-06-25 10:26:43,352 [Worker-0] INFO  c.g.t.t.d.PublishedGradleVersions - Gradle version information cache is up-to-date. Trying to read.
2018-06-25 12:34:17,311 [Worker-2] INFO  c.g.t.t.d.PublishedGradleVersions - Gradle version information cache is out-of-date. Trying to update.
2018-06-29 17:40:34,545 [Worker-0] INFO  c.g.t.t.d.PublishedGradleVersions - Gradle version information cache is up-to-date. Trying to read.
2018-06-30 16:52:02,082 [Worker-15] INFO  c.g.t.t.d.PublishedGradleVersions - Gradle version information cache is up-to-date. Trying to read.
2018-07-02 12:20:38,051 [Worker-0] INFO  c.g.t.t.d.PublishedGradleVersions - Gradle version information cache is up-to-date. Trying to read.
2018-07-25 20:52:15,467 [Worker-1] INFO  c.g.t.t.d.PublishedGradleVersions - Gradle version information cache is up-to-date. Trying to read.
2018-07-27 10:11:56,638 [Worker-3] INFO  c.g.t.t.d.PublishedGradleVersions - Gradle version information cache is out-of-date. Trying to update.
2018-07-29 16:29:39,816 [Worker-4] INFO  c.g.t.t.d.PublishedGradleVersions - Gradle version information cache is up-to-date. Trying to read.
2018-07-31 12:21:24,015 [Worker-3] INFO  c.g.t.t.d.PublishedGradleVersions - Gradle version information cache is up-to-date. Trying to read.
2018-07-31 12:21:58,853 [ModalContext] INFO  o.e.m.c.i.e.AbstractTransferListenerAdapter - Downloading https://repo.maven.apache.org/maven2/org/apache/maven/archetypes/maven-archetype-quickstart/1.1/maven-archetype-quickstart-1.1.jar
2018-07-31 12:21:59,138 [ModalContext] INFO  o.e.m.c.i.e.AbstractTransferListenerAdapter - Downloaded https://repo.maven.apache.org/maven2/org/apache/maven/archetypes/maven-archetype-quickstart/1.1/maven-archetype-quickstart-1.1.jar
2018-07-31 12:21:59,401 [ModalContext] INFO  o.e.m.c.i.e.AbstractTransferListenerAdapter - Downloading https://repo.maven.apache.org/maven2/org/apache/maven/archetypes/maven-archetype-quickstart/1.1/maven-archetype-quickstart-1.1.pom
2018-07-31 12:21:59,659 [ModalContext] INFO  o.e.m.c.i.e.AbstractTransferListenerAdapter - Downloaded https://repo.maven.apache.org/maven2/org/apache/maven/archetypes/maven-archetype-quickstart/1.1/maven-archetype-quickstart-1.1.pom
2018-07-31 12:22:21,839 [Worker-0] INFO  o.e.m.c.i.p.ProjectConfigurationManager - Collecting project info '/pom.xml' C:\Dinesh\Java\Eclipse_Projects\Java_Practice\SampleProgram\pom.xml
2018-07-31 12:22:22,836 [Worker-0] INFO  o.e.m.c.i.l.LifecycleMappingFactory - Using org.eclipse.m2e.jdt.JarLifecycleMapping lifecycle mapping for MavenProject: JenkinsTest:SampleProgram:0.0.1-SNAPSHOT @ C:\Dinesh\Java\Eclipse_Projects\Java_Practice\SampleProgram\pom.xml.
2018-07-31 12:22:23,622 [Worker-0] INFO  o.e.m.j.i.AbstractJavaProjectConfigurator - Adding source folder /SampleProgram/src/main/java
2018-07-31 12:22:23,628 [Worker-0] INFO  o.e.m.j.i.AbstractJavaProjectConfigurator - Adding source folder /SampleProgram/src/test/java
2018-07-31 12:22:23,722 [Worker-0] INFO  o.e.m.c.i.p.ProjectConfigurationManager - Imported and configured 1 project(s) in 1 sec
2018-07-31 12:22:24,828 [Worker-6] INFO  o.e.m.c.i.embedder.EclipseLogger - Using 'UTF-8' encoding to copy filtered resources.
2018-07-31 12:22:24,829 [Worker-6] INFO  o.e.m.c.i.embedder.EclipseLogger - skip non existing resourceDirectory C:\Dinesh\Java\Eclipse_Projects\Java_Practice\SampleProgram\src\main\resources
2018-07-31 12:22:24,831 [Worker-6] INFO  o.e.m.c.i.embedder.EclipseLogger - Using 'UTF-8' encoding to copy filtered resources.
2018-07-31 12:22:24,832 [Worker-6] INFO  o.e.m.c.i.embedder.EclipseLogger - skip non existing resourceDirectory C:\Dinesh\Java\Eclipse_Projects\Java_Practice\SampleProgram\src\test\resources
2018-07-31 12:22:36,246 [Worker-10] INFO  o.e.m.c.i.embedder.EclipseLogger - Using 'UTF-8' encoding to copy filtered resources.
2018-07-31 12:22:36,246 [Worker-10] INFO  o.e.m.c.i.embedder.EclipseLogger - skip non existing resourceDirectory C:\Dinesh\Java\Eclipse_Projects\Java_Practice\SampleProgram\src\main\resources
2018-07-31 12:22:36,247 [Worker-10] INFO  o.e.m.c.i.embedder.EclipseLogger - Using 'UTF-8' encoding to copy filtered resources.
2018-07-31 12:22:36,247 [Worker-10] INFO  o.e.m.c.i.embedder.EclipseLogger - skip non existing resourceDirectory C:\Dinesh\Java\Eclipse_Projects\Java_Practice\SampleProgram\src\test\resources
2018-07-31 12:22:41,194 [main] INFO  o.e.m2e.actions.ExecutePomAction - Creating new launch configuration
2018-07-31 12:22:49,114 [Worker-0] INFO  o.e.m.i.launch.MavenLaunchDelegate - C:\Dinesh\Java\Eclipse_Projects\Java_Practice\SampleProgram
2018-07-31 12:22:49,114 [Worker-0] INFO  o.e.m.i.launch.MavenLaunchDelegate -  mvn -B clean install
2018-07-31 12:24:03,754 [Worker-15] INFO  o.e.m.c.i.embedder.EclipseLogger - Using 'UTF-8' encoding to copy filtered resources.
2018-07-31 12:24:03,755 [Worker-15] INFO  o.e.m.c.i.embedder.EclipseLogger - skip non existing resourceDirectory C:\Dinesh\Java\Eclipse_Projects\Java_Practice\SampleProgram\src\main\resources
2018-07-31 12:24:03,756 [Worker-15] INFO  o.e.m.c.i.embedder.EclipseLogger - Using 'UTF-8' encoding to copy filtered resources.
2018-07-31 12:24:03,757 [Worker-15] INFO  o.e.m.c.i.embedder.EclipseLogger - skip non existing resourceDirectory C:\Dinesh\Java\Eclipse_Projects\Java_Practice\SampleProgram\src\test\resources
2018-07-31 12:24:15,318 [Worker-2] INFO  o.e.m.c.i.embedder.EclipseLogger - Using 'UTF-8' encoding to copy filtered resources.
2018-07-31 12:24:15,318 [Worker-2] INFO  o.e.m.c.i.embedder.EclipseLogger - skip non existing resourceDirectory C:\Dinesh\Java\Eclipse_Projects\Java_Practice\SampleProgram\src\main\resources
2018-07-31 12:24:15,319 [Worker-2] INFO  o.e.m.c.i.embedder.EclipseLogger - Using 'UTF-8' encoding to copy filtered resources.
2018-07-31 12:24:15,320 [Worker-2] INFO  o.e.m.c.i.embedder.EclipseLogger - skip non existing resourceDirectory C:\Dinesh\Java\Eclipse_Projects\Java_Practice\SampleProgram\src\test\resources
2018-07-31 12:24:22,908 [main] INFO  o.e.m2e.actions.ExecutePomAction - Creating new launch configuration
2018-07-31 12:24:30,742 [Worker-0] INFO  o.e.m.i.launch.MavenLaunchDelegate - C:\Dinesh\Java\Eclipse_Projects\Java_Practice\SampleProgram
2018-07-31 12:24:30,743 [Worker-0] INFO  o.e.m.i.launch.MavenLaunchDelegate -  mvn -B clean install
2018-07-31 12:33:52,845 [main] INFO  o.e.m2e.actions.ExecutePomAction - Creating new launch configuration
2018-07-31 12:36:05,105 [Worker-20] INFO  o.e.m.i.launch.MavenLaunchDelegate - C:\Dinesh\Java\Eclipse_Projects\Java_Practice\SampleProgram
2018-07-31 12:36:05,105 [Worker-20] INFO  o.e.m.i.launch.MavenLaunchDelegate -  mvn -B compile
2018-07-31 12:36:25,757 [main] INFO  o.e.m2e.actions.ExecutePomAction - Creating new launch configuration
2018-07-31 12:36:34,789 [Worker-24] INFO  o.e.m.i.launch.MavenLaunchDelegate - C:\Dinesh\Java\Eclipse_Projects\Java_Practice\SampleProgram
2018-07-31 12:36:34,789 [Worker-24] INFO  o.e.m.i.launch.MavenLaunchDelegate -  mvn -B mvn compile
2018-07-31 12:39:04,611 [main] INFO  o.e.m2e.actions.ExecutePomAction - Creating new launch configuration
2018-07-31 12:39:54,822 [main] INFO  o.e.m2e.actions.ExecutePomAction - Creating new launch configuration
2018-07-31 12:40:15,114 [Worker-24] INFO  o.e.m.i.launch.MavenLaunchDelegate - C:\Dinesh\Java\Eclipse_Projects\Java_Practice\SampleProgram
2018-07-31 12:40:15,114 [Worker-24] INFO  o.e.m.i.launch.MavenLaunchDelegate -  mvn -B exec:java -Dexec.mainClass="JenkinsTest.SampleProgram.App"
2018-07-31 14:38:32,945 [main] INFO  o.e.m2e.actions.ExecutePomAction - Creating new launch configuration
2018-07-31 14:38:34,969 [Worker-31] INFO  o.e.m.i.launch.MavenLaunchDelegate - C:\Dinesh\Java\Eclipse_Projects\Java_Practice\SampleProgram
2018-07-31 14:38:34,969 [Worker-31] INFO  o.e.m.i.launch.MavenLaunchDelegate -  mvn -B 
2018-07-31 14:38:47,085 [main] INFO  o.e.m2e.actions.ExecutePomAction - Creating new launch configuration
2018-07-31 14:38:49,873 [Worker-37] INFO  o.e.m.i.launch.MavenLaunchDelegate - C:\Dinesh\Java\Eclipse_Projects\Java_Practice\SampleProgram
2018-07-31 14:38:49,874 [Worker-37] INFO  o.e.m.i.launch.MavenLaunchDelegate -  mvn -B clean install
2018-08-01 12:54:22,707 [Worker-0] INFO  c.g.t.t.d.PublishedGradleVersions - Gradle version information cache is up-to-date. Trying to read.
2018-08-01 12:54:26,497 [Worker-6] INFO  o.e.m.c.i.embedder.EclipseLogger - Using 'UTF-8' encoding to copy filtered resources.
2018-08-01 12:54:26,497 [Worker-6] INFO  o.e.m.c.i.embedder.EclipseLogger - skip non existing resourceDirectory C:\Dinesh\Java\Eclipse_Projects\Java_Practice\SampleProgram\src\main\resources
2018-08-01 12:54:26,500 [Worker-6] INFO  o.e.m.c.i.embedder.EclipseLogger - Using 'UTF-8' encoding to copy filtered resources.
2018-08-01 12:54:26,500 [Worker-6] INFO  o.e.m.c.i.embedder.EclipseLogger - skip non existing resourceDirectory C:\Dinesh\Java\Eclipse_Projects\Java_Practice\SampleProgram\src\test\resources
2018-08-01 18:05:43,104 [Worker-0] INFO  c.g.t.t.d.PublishedGradleVersions - Gradle version information cache is up-to-date. Trying to read.
2018-08-01 18:06:34,213 [Worker-17] INFO  o.e.m.c.i.embedder.EclipseLogger - Using 'UTF-8' encoding to copy filtered resources.
2018-08-01 18:06:34,216 [Worker-17] INFO  o.e.m.c.i.embedder.EclipseLogger - skip non existing resourceDirectory C:\Dinesh\Java\Eclipse_Projects\Java_Practice\SampleProgram\src\main\resources
2018-08-01 18:06:34,218 [Worker-17] INFO  o.e.m.c.i.embedder.EclipseLogger - Using 'UTF-8' encoding to copy filtered resources.
2018-08-01 18:06:34,218 [Worker-17] INFO  o.e.m.c.i.embedder.EclipseLogger - skip non existing resourceDirectory C:\Dinesh\Java\Eclipse_Projects\Java_Practice\SampleProgram\src\test\resources
2018-08-02 10:15:08,725 [Worker-4] INFO  c.g.t.t.d.PublishedGradleVersions - Gradle version information cache is out-of-date. Trying to update.
2018-08-02 12:19:41,270 [Worker-7] INFO  c.g.t.t.d.PublishedGradleVersions - Gradle version information cache is up-to-date. Trying to read.
2018-08-03 11:58:16,233 [Worker-1] INFO  o.e.m.c.i.embedder.EclipseLogger - Using 'UTF-8' encoding to copy filtered resources.
2018-08-03 11:58:16,238 [Worker-1] INFO  o.e.m.c.i.embedder.EclipseLogger - skip non existing resourceDirectory C:\Dinesh\Java\Eclipse_Projects\Java_Practice\SampleProgram\src\main\resources
2018-08-03 11:58:16,241 [Worker-1] INFO  o.e.m.c.i.embedder.EclipseLogger - Using 'UTF-8' encoding to copy filtered resources.
2018-08-03 11:58:16,242 [Worker-1] INFO  o.e.m.c.i.embedder.EclipseLogger - skip non existing resourceDirectory C:\Dinesh\Java\Eclipse_Projects\Java_Practice\SampleProgram\src\test\resources
2018-08-03 12:22:48,278 [Worker-2] INFO  c.g.t.t.d.PublishedGradleVersions - Gradle version information cache is out-of-date. Trying to update.
2018-08-03 16:25:47,547 [Worker-67] INFO  o.e.m.c.i.embedder.EclipseLogger - Using 'UTF-8' encoding to copy filtered resources.
2018-08-03 16:25:47,551 [Worker-67] INFO  o.e.m.c.i.embedder.EclipseLogger - skip non existing resourceDirectory C:\Dinesh\Java\Eclipse_Projects\Java_Practice\SampleProgram\src\main\resources
2018-08-03 16:25:47,553 [Worker-67] INFO  o.e.m.c.i.embedder.EclipseLogger - Using 'UTF-8' encoding to copy filtered resources.
2018-08-03 16:25:47,553 [Worker-67] INFO  o.e.m.c.i.embedder.EclipseLogger - skip non existing resourceDirectory C:\Dinesh\Java\Eclipse_Projects\Java_Practice\SampleProgram\src\test\resources
2018-08-06 13:00:17,034 [Worker-7] INFO  o.e.m.c.i.embedder.EclipseLogger - Using 'UTF-8' encoding to copy filtered resources.
2018-08-06 13:00:17,038 [Worker-7] INFO  o.e.m.c.i.embedder.EclipseLogger - skip non existing resourceDirectory C:\Dinesh\Java\Eclipse_Projects\Java_Practice\SampleProgram\src\main\resources
2018-08-06 13:00:17,039 [Worker-7] INFO  o.e.m.c.i.embedder.EclipseLogger - Using 'UTF-8' encoding to copy filtered resources.
2018-08-06 13:00:17,039 [Worker-7] INFO  o.e.m.c.i.embedder.EclipseLogger - skip non existing resourceDirectory C:\Dinesh\Java\Eclipse_Projects\Java_Practice\SampleProgram\src\test\resources
2018-08-06 18:58:49,654 [Worker-79] INFO  c.g.t.t.d.PublishedGradleVersions - Gradle version information cache is out-of-date. Trying to update.
2018-08-07 08:47:42,125 [Worker-0] INFO  c.g.t.t.d.PublishedGradleVersions - Gradle version information cache is up-to-date. Trying to read.
2018-08-07 08:47:45,367 [Worker-7] INFO  o.e.m.c.i.embedder.EclipseLogger - Using 'UTF-8' encoding to copy filtered resources.
2018-08-07 08:47:45,373 [Worker-7] INFO  o.e.m.c.i.embedder.EclipseLogger - skip non existing resourceDirectory C:\Dinesh\Java\Eclipse_Projects\Java_Practice\SampleProgram\src\main\resources
2018-08-07 08:47:45,375 [Worker-7] INFO  o.e.m.c.i.embedder.EclipseLogger - Using 'UTF-8' encoding to copy filtered resources.
2018-08-07 08:47:45,376 [Worker-7] INFO  o.e.m.c.i.embedder.EclipseLogger - skip non existing resourceDirectory C:\Dinesh\Java\Eclipse_Projects\Java_Practice\SampleProgram\src\test\resources
2018-08-07 16:14:31,976 [Worker-1] INFO  c.g.t.t.d.PublishedGradleVersions - Gradle version information cache is up-to-date. Trying to read.
2018-08-07 16:14:35,740 [Worker-8] INFO  o.e.m.c.i.embedder.EclipseLogger - Using 'UTF-8' encoding to copy filtered resources.
2018-08-07 16:14:35,741 [Worker-8] INFO  o.e.m.c.i.embedder.EclipseLogger - skip non existing resourceDirectory C:\Dinesh\Java\Eclipse_Projects\Java_Practice\SampleProgram\src\main\resources
2018-08-07 16:14:35,744 [Worker-8] INFO  o.e.m.c.i.embedder.EclipseLogger - Using 'UTF-8' encoding to copy filtered resources.
2018-08-07 16:14:35,744 [Worker-8] INFO  o.e.m.c.i.embedder.EclipseLogger - skip non existing resourceDirectory C:\Dinesh\Java\Eclipse_Projects\Java_Practice\SampleProgram\src\test\resources
2018-08-18 23:40:05,233 [Worker-8] INFO  o.e.m.c.i.embedder.EclipseLogger - Using 'UTF-8' encoding to copy filtered resources.
2018-08-18 23:40:05,237 [Worker-8] INFO  o.e.m.c.i.embedder.EclipseLogger - skip non existing resourceDirectory C:\Dinesh\Java\Eclipse_Projects\Java_Practice\SampleProgram\src\main\resources
2018-08-18 23:40:05,238 [Worker-8] INFO  o.e.m.c.i.embedder.EclipseLogger - Using 'UTF-8' encoding to copy filtered resources.
2018-08-18 23:40:05,239 [Worker-8] INFO  o.e.m.c.i.embedder.EclipseLogger - skip non existing resourceDirectory C:\Dinesh\Java\Eclipse_Projects\Java_Practice\SampleProgram\src\test\resources
2018-08-18 23:40:18,854 [Worker-10] INFO  c.g.t.t.d.PublishedGradleVersions - Gradle version information cache is out-of-date. Trying to update.
2018-08-27 13:49:48,394 [Worker-1] INFO  c.g.t.t.d.PublishedGradleVersions - Gradle version information cache is out-of-date. Trying to update.
2018-09-02 20:55:12,552 [Worker-0] INFO  c.g.t.t.d.PublishedGradleVersions - Gradle version information cache is out-of-date. Trying to update.
2018-09-03 08:57:10,893 [Worker-2] INFO  c.g.t.t.d.PublishedGradleVersions - Gradle version information cache is up-to-date. Trying to read.
2018-09-03 08:57:15,801 [Worker-7] INFO  o.e.m.c.i.embedder.EclipseLogger - Using 'UTF-8' encoding to copy filtered resources.
2018-09-03 08:57:15,803 [Worker-7] INFO  o.e.m.c.i.embedder.EclipseLogger - skip non existing resourceDirectory C:\Dinesh\Java\Eclipse_Projects\Java_Practice\SampleProgram\src\main\resources
2018-09-03 08:57:15,805 [Worker-7] INFO  o.e.m.c.i.embedder.EclipseLogger - Using 'UTF-8' encoding to copy filtered resources.
2018-09-03 08:57:15,806 [Worker-7] INFO  o.e.m.c.i.embedder.EclipseLogger - skip non existing resourceDirectory C:\Dinesh\Java\Eclipse_Projects\Java_Practice\SampleProgram\src\test\resources
2018-10-03 17:39:36,491 [Worker-0] INFO  c.g.t.t.d.PublishedGradleVersions - Gradle version information cache is out-of-date. Trying to update.
2018-10-03 17:39:40,419 [Worker-3] INFO  o.e.m.c.i.embedder.EclipseLogger - Using 'UTF-8' encoding to copy filtered resources.
2018-10-03 17:39:40,420 [Worker-3] INFO  o.e.m.c.i.embedder.EclipseLogger - skip non existing resourceDirectory C:\Dinesh\Java\Eclipse_Projects\Java_Practice\SampleProgram\src\main\resources
2018-10-03 17:39:40,423 [Worker-3] INFO  o.e.m.c.i.embedder.EclipseLogger - Using 'UTF-8' encoding to copy filtered resources.
2018-10-03 17:39:40,423 [Worker-3] INFO  o.e.m.c.i.embedder.EclipseLogger - skip non existing resourceDirectory C:\Dinesh\Java\Eclipse_Projects\Java_Practice\SampleProgram\src\test\resources
2018-10-03 18:14:27,514 [Worker-43] INFO  o.e.m.c.i.embedder.EclipseLogger - Using 'UTF-8' encoding to copy filtered resources.
2018-10-03 18:14:27,515 [Worker-43] INFO  o.e.m.c.i.embedder.EclipseLogger - skip non existing resourceDirectory C:\Dinesh\Java\Eclipse_Projects\Java_Practice\SampleProgram\src\main\resources
2018-10-03 18:14:27,516 [Worker-43] INFO  o.e.m.c.i.embedder.EclipseLogger - Using 'UTF-8' encoding to copy filtered resources.
2018-10-03 18:14:27,516 [Worker-43] INFO  o.e.m.c.i.embedder.EclipseLogger - skip non existing resourceDirectory C:\Dinesh\Java\Eclipse_Projects\Java_Practice\SampleProgram\src\test\resources
2018-10-10 12:39:58,470 [Worker-5] INFO  c.g.t.t.d.PublishedGradleVersions - Gradle version information cache is out-of-date. Trying to update.
2018-10-11 09:44:37,047 [Worker-0] INFO  c.g.t.t.d.PublishedGradleVersions - Gradle version information cache is up-to-date. Trying to read.
2018-10-11 09:44:42,840 [Worker-9] INFO  o.e.m.c.i.embedder.EclipseLogger - Using 'UTF-8' encoding to copy filtered resources.
2018-10-11 09:44:42,840 [Worker-9] INFO  o.e.m.c.i.embedder.EclipseLogger - skip non existing resourceDirectory C:\Dinesh\Java\Eclipse_Projects\Java_Practice\SampleProgram\src\main\resources
2018-10-11 09:44:42,842 [Worker-9] INFO  o.e.m.c.i.embedder.EclipseLogger - Using 'UTF-8' encoding to copy filtered resources.
2018-10-11 09:44:42,842 [Worker-9] INFO  o.e.m.c.i.embedder.EclipseLogger - skip non existing resourceDirectory C:\Dinesh\Java\Eclipse_Projects\Java_Practice\SampleProgram\src\test\resources
2018-10-14 13:46:39,958 [Worker-5] INFO  c.g.t.t.d.PublishedGradleVersions - Gradle version information cache is out-of-date. Trying to update.
2018-10-14 13:46:43,726 [Worker-4] INFO  o.e.m.c.i.embedder.EclipseLogger - Using 'UTF-8' encoding to copy filtered resources.
2018-10-14 13:46:43,728 [Worker-4] INFO  o.e.m.c.i.embedder.EclipseLogger - skip non existing resourceDirectory C:\Dinesh\Java\Eclipse_Projects\Java_Practice\SampleProgram\src\main\resources
2018-10-14 13:46:43,729 [Worker-4] INFO  o.e.m.c.i.embedder.EclipseLogger - Using 'UTF-8' encoding to copy filtered resources.
2018-10-14 13:46:43,730 [Worker-4] INFO  o.e.m.c.i.embedder.EclipseLogger - skip non existing resourceDirectory C:\Dinesh\Java\Eclipse_Projects\Java_Practice\SampleProgram\src\test\resources
2018-10-15 11:55:24,495 [Worker-4] INFO  c.g.t.t.d.PublishedGradleVersions - Gradle version information cache is up-to-date. Trying to read.
2018-10-15 11:55:28,686 [Worker-7] INFO  o.e.m.c.i.embedder.EclipseLogger - Using 'UTF-8' encoding to copy filtered resources.
2018-10-15 11:55:28,687 [Worker-7] INFO  o.e.m.c.i.embedder.EclipseLogger - skip non existing resourceDirectory C:\Dinesh\Java\Eclipse_Projects\Java_Practice\SampleProgram\src\main\resources
2018-10-15 11:55:28,689 [Worker-7] INFO  o.e.m.c.i.embedder.EclipseLogger - Using 'UTF-8' encoding to copy filtered resources.
2018-10-15 11:55:28,690 [Worker-7] INFO  o.e.m.c.i.embedder.EclipseLogger - skip non existing resourceDirectory C:\Dinesh\Java\Eclipse_Projects\Java_Practice\SampleProgram\src\test\resources
2018-11-11 19:45:06,400 [Worker-0] INFO  c.g.t.t.d.PublishedGradleVersions - Gradle version information cache is out-of-date. Trying to update.
2018-11-11 19:45:10,106 [Worker-2] INFO  o.e.m.c.i.embedder.EclipseLogger - Using 'UTF-8' encoding to copy filtered resources.
2018-11-11 19:45:10,107 [Worker-2] INFO  o.e.m.c.i.embedder.EclipseLogger - skip non existing resourceDirectory C:\Dinesh\Java\Eclipse_Projects\Java_Practice\SampleProgram\src\main\resources
2018-11-11 19:45:10,109 [Worker-2] INFO  o.e.m.c.i.embedder.EclipseLogger - Using 'UTF-8' encoding to copy filtered resources.
2018-11-11 19:45:10,109 [Worker-2] INFO  o.e.m.c.i.embedder.EclipseLogger - skip non existing resourceDirectory C:\Dinesh\Java\Eclipse_Projects\Java_Practice\SampleProgram\src\test\resources
2018-11-18 12:18:08,048 [Worker-1] INFO  c.g.t.t.d.PublishedGradleVersions - Gradle version information cache is out-of-date. Trying to update.
2018-11-18 12:18:11,722 [Worker-6] INFO  o.e.m.c.i.embedder.EclipseLogger - Using 'UTF-8' encoding to copy filtered resources.
2018-11-18 12:18:11,724 [Worker-6] INFO  o.e.m.c.i.embedder.EclipseLogger - skip non existing resourceDirectory C:\Dinesh\Java\Eclipse_Projects\Java_Practice\SampleProgram\src\main\resources
2018-11-18 12:18:11,726 [Worker-6] INFO  o.e.m.c.i.embedder.EclipseLogger - Using 'UTF-8' encoding to copy filtered resources.
2018-11-18 12:18:11,727 [Worker-6] INFO  o.e.m.c.i.embedder.EclipseLogger - skip non existing resourceDirectory C:\Dinesh\Java\Eclipse_Projects\Java_Practice\SampleProgram\src\test\resources
2018-11-20 12:31:00,099 [Worker-6] INFO  c.g.t.t.d.PublishedGradleVersions - Gradle version information cache is out-of-date. Trying to update.
2018-11-20 12:31:03,954 [Worker-12] INFO  o.e.m.c.i.embedder.EclipseLogger - Using 'UTF-8' encoding to copy filtered resources.
2018-11-20 12:31:03,956 [Worker-12] INFO  o.e.m.c.i.embedder.EclipseLogger - skip non existing resourceDirectory C:\Dinesh\Java\Eclipse_Projects\Java_Practice\SampleProgram\src\main\resources
2018-11-20 12:31:03,957 [Worker-12] INFO  o.e.m.c.i.embedder.EclipseLogger - Using 'UTF-8' encoding to copy filtered resources.
2018-11-20 12:31:03,958 [Worker-12] INFO  o.e.m.c.i.embedder.EclipseLogger - skip non existing resourceDirectory C:\Dinesh\Java\Eclipse_Projects\Java_Practice\SampleProgram\src\test\resources
2018-11-20 23:29:09,090 [Worker-1] INFO  c.g.t.t.d.PublishedGradleVersions - Gradle version information cache is up-to-date. Trying to read.
2018-11-20 23:33:35,979 [Worker-4] INFO  o.e.m.c.i.embedder.EclipseLogger - Using 'UTF-8' encoding to copy filtered resources.
2018-11-20 23:33:35,979 [Worker-4] INFO  o.e.m.c.i.embedder.EclipseLogger - skip non existing resourceDirectory C:\Dinesh\Java\Eclipse_Projects\Java_Practice\SampleProgram\src\main\resources
2018-11-20 23:33:35,982 [Worker-4] INFO  o.e.m.c.i.embedder.EclipseLogger - Using 'UTF-8' encoding to copy filtered resources.
2018-11-20 23:33:35,982 [Worker-4] INFO  o.e.m.c.i.embedder.EclipseLogger - skip non existing resourceDirectory C:\Dinesh\Java\Eclipse_Projects\Java_Practice\SampleProgram\src\test\resources
2018-11-21 16:06:09,340 [Worker-1] INFO  c.g.t.t.d.PublishedGradleVersions - Gradle version information cache is out-of-date. Trying to update.
2018-11-21 16:06:13,086 [Worker-10] INFO  o.e.m.c.i.embedder.EclipseLogger - Using 'UTF-8' encoding to copy filtered resources.
2018-11-21 16:06:13,087 [Worker-10] INFO  o.e.m.c.i.embedder.EclipseLogger - skip non existing resourceDirectory C:\Dinesh\Java\Eclipse_Projects\Java_Practice\SampleProgram\src\main\resources
2018-11-21 16:06:13,089 [Worker-10] INFO  o.e.m.c.i.embedder.EclipseLogger - Using 'UTF-8' encoding to copy filtered resources.
2018-11-21 16:06:13,089 [Worker-10] INFO  o.e.m.c.i.embedder.EclipseLogger - skip non existing resourceDirectory C:\Dinesh\Java\Eclipse_Projects\Java_Practice\SampleProgram\src\test\resources
2018-12-20 15:59:35,661 [Worker-0] INFO  c.g.t.t.d.PublishedGradleVersions - Gradle version information cache is out-of-date. Trying to update.
2018-12-20 15:59:39,475 [Worker-11] INFO  o.e.m.c.i.embedder.EclipseLogger - Using 'UTF-8' encoding to copy filtered resources.
2018-12-20 15:59:39,477 [Worker-11] INFO  o.e.m.c.i.embedder.EclipseLogger - skip non existing resourceDirectory C:\Dinesh\Java\Eclipse_Projects\Java_Practice\SampleProgram\src\main\resources
2018-12-20 15:59:39,480 [Worker-11] INFO  o.e.m.c.i.embedder.EclipseLogger - Using 'UTF-8' encoding to copy filtered resources.
2018-12-20 15:59:39,480 [Worker-11] INFO  o.e.m.c.i.embedder.EclipseLogger - skip non existing resourceDirectory C:\Dinesh\Java\Eclipse_Projects\Java_Practice\SampleProgram\src\test\resources
2018-12-24 22:38:06,012 [Worker-0] INFO  c.g.t.t.d.PublishedGradleVersions - Gradle version information cache is up-to-date. Trying to read.
2018-12-24 22:38:09,286 [Worker-1] INFO  o.e.m.c.i.embedder.EclipseLogger - Using 'UTF-8' encoding to copy filtered resources.
2018-12-24 22:38:09,287 [Worker-1] INFO  o.e.m.c.i.embedder.EclipseLogger - skip non existing resourceDirectory C:\Dinesh\Java\Eclipse_Projects\Java_Practice\SampleProgram\src\main\resources
2018-12-24 22:38:09,289 [Worker-1] INFO  o.e.m.c.i.embedder.EclipseLogger - Using 'UTF-8' encoding to copy filtered resources.
2018-12-24 22:38:09,290 [Worker-1] INFO  o.e.m.c.i.embedder.EclipseLogger - skip non existing resourceDirectory C:\Dinesh\Java\Eclipse_Projects\Java_Practice\SampleProgram\src\test\resources
2018-12-25 11:21:04,388 [Worker-3] INFO  c.g.t.t.d.PublishedGradleVersions - Gradle version information cache is up-to-date. Trying to read.
2018-12-25 11:21:07,925 [Worker-7] INFO  o.e.m.c.i.embedder.EclipseLogger - Using 'UTF-8' encoding to copy filtered resources.
2018-12-25 11:21:07,926 [Worker-7] INFO  o.e.m.c.i.embedder.EclipseLogger - skip non existing resourceDirectory C:\Dinesh\Java\Eclipse_Projects\Java_Practice\SampleProgram\src\main\resources
2018-12-25 11:21:07,928 [Worker-7] INFO  o.e.m.c.i.embedder.EclipseLogger - Using 'UTF-8' encoding to copy filtered resources.
2018-12-25 11:21:07,928 [Worker-7] INFO  o.e.m.c.i.embedder.EclipseLogger - skip non existing resourceDirectory C:\Dinesh\Java\Eclipse_Projects\Java_Practice\SampleProgram\src\test\resources
2019-01-10 10:08:54,758 [Worker-1] INFO  c.g.t.t.d.PublishedGradleVersions - Gradle version information cache is up-to-date. Trying to read.
2019-01-10 10:08:58,048 [Worker-5] INFO  o.e.m.c.i.embedder.EclipseLogger - Using 'UTF-8' encoding to copy filtered resources.
2019-01-10 10:08:58,050 [Worker-5] INFO  o.e.m.c.i.embedder.EclipseLogger - skip non existing resourceDirectory C:\Dinesh\Java\Eclipse_Projects\Java_Practice\SampleProgram\src\main\resources
2019-01-10 10:08:58,052 [Worker-5] INFO  o.e.m.c.i.embedder.EclipseLogger - Using 'UTF-8' encoding to copy filtered resources.
2019-01-10 10:08:58,053 [Worker-5] INFO  o.e.m.c.i.embedder.EclipseLogger - skip non existing resourceDirectory C:\Dinesh\Java\Eclipse_Projects\Java_Practice\SampleProgram\src\test\resources
2019-01-16 15:15:58,485 [Worker-3] INFO  c.g.t.t.d.PublishedGradleVersions - Gradle version information cache is out-of-date. Trying to update.
2019-01-16 15:16:02,554 [Worker-1] INFO  o.e.m.c.i.embedder.EclipseLogger - Using 'UTF-8' encoding to copy filtered resources.
2019-01-16 15:16:02,555 [Worker-1] INFO  o.e.m.c.i.embedder.EclipseLogger - skip non existing resourceDirectory C:\Dinesh\Java\Eclipse_Projects\Java_Practice\SampleProgram\src\main\resources
2019-01-16 15:16:02,558 [Worker-1] INFO  o.e.m.c.i.embedder.EclipseLogger - Using 'UTF-8' encoding to copy filtered resources.
2019-01-16 15:16:02,558 [Worker-1] INFO  o.e.m.c.i.embedder.EclipseLogger - skip non existing resourceDirectory C:\Dinesh\Java\Eclipse_Projects\Java_Practice\SampleProgram\src\test\resources
2019-01-24 21:02:31,032 [Worker-4] INFO  c.g.t.t.d.PublishedGradleVersions - Gradle version information cache is out-of-date. Trying to update.
2019-01-24 21:02:34,820 [Worker-3] INFO  o.e.m.c.i.embedder.EclipseLogger - Using 'UTF-8' encoding to copy filtered resources.
2019-01-24 21:02:34,822 [Worker-3] INFO  o.e.m.c.i.embedder.EclipseLogger - skip non existing resourceDirectory C:\Dinesh\Java\Eclipse_Projects\Java_Practice\SampleProgram\src\main\resources
2019-01-24 21:02:34,823 [Worker-3] INFO  o.e.m.c.i.embedder.EclipseLogger - Using 'UTF-8' encoding to copy filtered resources.
2019-01-24 21:02:34,824 [Worker-3] INFO  o.e.m.c.i.embedder.EclipseLogger - skip non existing resourceDirectory C:\Dinesh\Java\Eclipse_Projects\Java_Practice\SampleProgram\src\test\resources
2019-01-25 10:29:08,555 [Worker-3] INFO  c.g.t.t.d.PublishedGradleVersions - Gradle version information cache is up-to-date. Trying to read.
2019-01-25 10:29:12,954 [Worker-1] INFO  o.e.m.c.i.embedder.EclipseLogger - Using 'UTF-8' encoding to copy filtered resources.
2019-01-25 10:29:12,957 [Worker-1] INFO  o.e.m.c.i.embedder.EclipseLogger - skip non existing resourceDirectory C:\Dinesh\Java\Eclipse_Projects\Java_Practice\SampleProgram\src\main\resources
2019-01-25 10:29:12,960 [Worker-1] INFO  o.e.m.c.i.embedder.EclipseLogger - Using 'UTF-8' encoding to copy filtered resources.
2019-01-25 10:29:12,961 [Worker-1] INFO  o.e.m.c.i.embedder.EclipseLogger - skip non existing resourceDirectory C:\Dinesh\Java\Eclipse_Projects\Java_Practice\SampleProgram\src\test\resources
2019-01-25 22:43:42,746 [Worker-3] INFO  c.g.t.t.d.PublishedGradleVersions - Gradle version information cache is out-of-date. Trying to update.
2019-01-25 22:43:46,823 [Worker-2] INFO  o.e.m.c.i.embedder.EclipseLogger - Using 'UTF-8' encoding to copy filtered resources.
2019-01-25 22:43:46,825 [Worker-2] INFO  o.e.m.c.i.embedder.EclipseLogger - skip non existing resourceDirectory C:\Dinesh\Java\Eclipse_Projects\Java_Practice\SampleProgram\src\main\resources
2019-01-25 22:43:46,827 [Worker-2] INFO  o.e.m.c.i.embedder.EclipseLogger - Using 'UTF-8' encoding to copy filtered resources.
2019-01-25 22:43:46,827 [Worker-2] INFO  o.e.m.c.i.embedder.EclipseLogger - skip non existing resourceDirectory C:\Dinesh\Java\Eclipse_Projects\Java_Practice\SampleProgram\src\test\resources
2019-01-26 12:54:31,386 [Worker-3] INFO  c.g.t.t.d.PublishedGradleVersions - Gradle version information cache is up-to-date. Trying to read.
2019-01-26 12:54:35,189 [Worker-7] INFO  o.e.m.c.i.embedder.EclipseLogger - Using 'UTF-8' encoding to copy filtered resources.
2019-01-26 12:54:35,190 [Worker-7] INFO  o.e.m.c.i.embedder.EclipseLogger - skip non existing resourceDirectory C:\Dinesh\Java\Eclipse_Projects\Java_Practice\SampleProgram\src\main\resources
2019-01-26 12:54:35,192 [Worker-7] INFO  o.e.m.c.i.embedder.EclipseLogger - Using 'UTF-8' encoding to copy filtered resources.
2019-01-26 12:54:35,192 [Worker-7] INFO  o.e.m.c.i.embedder.EclipseLogger - skip non existing resourceDirectory C:\Dinesh\Java\Eclipse_Projects\Java_Practice\SampleProgram\src\test\resources
2019-01-27 21:19:16,310 [Worker-4] INFO  c.g.t.t.d.PublishedGradleVersions - Gradle version information cache is out-of-date. Trying to update.
2019-01-27 21:19:20,005 [Worker-1] INFO  o.e.m.c.i.embedder.EclipseLogger - Using 'UTF-8' encoding to copy filtered resources.
2019-01-27 21:19:20,006 [Worker-1] INFO  o.e.m.c.i.embedder.EclipseLogger - skip non existing resourceDirectory C:\Dinesh\Java\Eclipse_Projects\Java_Practice\SampleProgram\src\main\resources
2019-01-27 21:19:20,008 [Worker-1] INFO  o.e.m.c.i.embedder.EclipseLogger - Using 'UTF-8' encoding to copy filtered resources.
2019-01-27 21:19:20,008 [Worker-1] INFO  o.e.m.c.i.embedder.EclipseLogger - skip non existing resourceDirectory C:\Dinesh\Java\Eclipse_Projects\Java_Practice\SampleProgram\src\test\resources
2019-01-29 09:17:43,069 [Worker-0] INFO  c.g.t.t.d.PublishedGradleVersions - Gradle version information cache is out-of-date. Trying to update.
2019-01-29 09:17:47,098 [Worker-5] INFO  o.e.m.c.i.embedder.EclipseLogger - Using 'UTF-8' encoding to copy filtered resources.
2019-01-29 09:17:47,099 [Worker-5] INFO  o.e.m.c.i.embedder.EclipseLogger - skip non existing resourceDirectory C:\Dinesh\Java\Eclipse_Projects\Java_Practice\SampleProgram\src\main\resources
2019-01-29 09:17:47,102 [Worker-5] INFO  o.e.m.c.i.embedder.EclipseLogger - Using 'UTF-8' encoding to copy filtered resources.
2019-01-29 09:17:47,103 [Worker-5] INFO  o.e.m.c.i.embedder.EclipseLogger - skip non existing resourceDirectory C:\Dinesh\Java\Eclipse_Projects\Java_Practice\SampleProgram\src\test\resources
2019-01-30 16:26:08,280 [Worker-1] INFO  c.g.t.t.d.PublishedGradleVersions - Gradle version information cache is out-of-date. Trying to update.
2019-01-30 16:26:13,882 [Worker-5] INFO  o.e.m.c.i.embedder.EclipseLogger - Using 'UTF-8' encoding to copy filtered resources.
2019-01-30 16:26:13,883 [Worker-5] INFO  o.e.m.c.i.embedder.EclipseLogger - skip non existing resourceDirectory C:\Dinesh\Java\Eclipse_Projects\Java_Practice\SampleProgram\src\main\resources
2019-01-30 16:26:13,885 [Worker-5] INFO  o.e.m.c.i.embedder.EclipseLogger - Using 'UTF-8' encoding to copy filtered resources.
2019-01-30 16:26:13,885 [Worker-5] INFO  o.e.m.c.i.embedder.EclipseLogger - skip non existing resourceDirectory C:\Dinesh\Java\Eclipse_Projects\Java_Practice\SampleProgram\src\test\resources
2019-02-02 21:31:33,848 [Worker-0] INFO  c.g.t.t.d.PublishedGradleVersions - Gradle version information cache is out-of-date. Trying to update.
2019-02-02 21:31:37,731 [Worker-5] INFO  o.e.m.c.i.embedder.EclipseLogger - Using 'UTF-8' encoding to copy filtered resources.
2019-02-02 21:31:37,732 [Worker-5] INFO  o.e.m.c.i.embedder.EclipseLogger - skip non existing resourceDirectory C:\Dinesh\Java\Eclipse_Projects\Java_Practice\SampleProgram\src\main\resources
2019-02-02 21:31:37,733 [Worker-5] INFO  o.e.m.c.i.embedder.EclipseLogger - Using 'UTF-8' encoding to copy filtered resources.
2019-02-02 21:31:37,734 [Worker-5] INFO  o.e.m.c.i.embedder.EclipseLogger - skip non existing resourceDirectory C:\Dinesh\Java\Eclipse_Projects\Java_Practice\SampleProgram\src\test\resources
2019-02-03 19:45:18,222 [Worker-4] INFO  c.g.t.t.d.PublishedGradleVersions - Gradle version information cache is up-to-date. Trying to read.
2019-02-03 19:45:21,999 [Worker-9] INFO  o.e.m.c.i.embedder.EclipseLogger - Using 'UTF-8' encoding to copy filtered resources.
2019-02-03 19:45:22,000 [Worker-9] INFO  o.e.m.c.i.embedder.EclipseLogger - skip non existing resourceDirectory C:\Dinesh\Java\Eclipse_Projects\Java_Practice\SampleProgram\src\main\resources
2019-02-03 19:45:22,002 [Worker-9] INFO  o.e.m.c.i.embedder.EclipseLogger - Using 'UTF-8' encoding to copy filtered resources.
2019-02-03 19:45:22,002 [Worker-9] INFO  o.e.m.c.i.embedder.EclipseLogger - skip non existing resourceDirectory C:\Dinesh\Java\Eclipse_Projects\Java_Practice\SampleProgram\src\test\resources
2019-02-04 23:12:32,452 [Worker-1] INFO  c.g.t.t.d.PublishedGradleVersions - Gradle version information cache is out-of-date. Trying to update.
2019-02-04 23:12:36,638 [Worker-10] INFO  o.e.m.c.i.embedder.EclipseLogger - Using 'UTF-8' encoding to copy filtered resources.
2019-02-04 23:12:36,642 [Worker-10] INFO  o.e.m.c.i.embedder.EclipseLogger - skip non existing resourceDirectory C:\Dinesh\Java\Eclipse_Projects\Java_Practice\SampleProgram\src\main\resources
2019-02-04 23:12:36,644 [Worker-10] INFO  o.e.m.c.i.embedder.EclipseLogger - Using 'UTF-8' encoding to copy filtered resources.
2019-02-04 23:12:36,645 [Worker-10] INFO  o.e.m.c.i.embedder.EclipseLogger - skip non existing resourceDirectory C:\Dinesh\Java\Eclipse_Projects\Java_Practice\SampleProgram\src\test\resources
2019-02-07 00:11:36,556 [Worker-1] INFO  c.g.t.t.d.PublishedGradleVersions - Gradle version information cache is up-to-date. Trying to read.
2019-02-07 00:11:39,935 [Worker-1] INFO  o.e.m.c.i.embedder.EclipseLogger - Using 'UTF-8' encoding to copy filtered resources.
2019-02-07 00:11:39,935 [Worker-1] INFO  o.e.m.c.i.embedder.EclipseLogger - skip non existing resourceDirectory C:\Dinesh\Java\Eclipse_Projects\Java_Practice\SampleProgram\src\main\resources
2019-02-07 00:11:39,937 [Worker-1] INFO  o.e.m.c.i.embedder.EclipseLogger - Using 'UTF-8' encoding to copy filtered resources.
2019-02-07 00:11:39,937 [Worker-1] INFO  o.e.m.c.i.embedder.EclipseLogger - skip non existing resourceDirectory C:\Dinesh\Java\Eclipse_Projects\Java_Practice\SampleProgram\src\test\resources
2019-02-09 12:45:00,033 [Worker-1] INFO  c.g.t.t.d.PublishedGradleVersions - Gradle version information cache is out-of-date. Trying to update.
2019-02-09 12:45:03,785 [Worker-2] INFO  o.e.m.c.i.embedder.EclipseLogger - Using 'UTF-8' encoding to copy filtered resources.
2019-02-09 12:45:03,787 [Worker-2] INFO  o.e.m.c.i.embedder.EclipseLogger - skip non existing resourceDirectory C:\Dinesh\Java\Eclipse_Projects\Java_Practice\SampleProgram\src\main\resources
2019-02-09 12:45:03,789 [Worker-2] INFO  o.e.m.c.i.embedder.EclipseLogger - Using 'UTF-8' encoding to copy filtered resources.
2019-02-09 12:45:03,789 [Worker-2] INFO  o.e.m.c.i.embedder.EclipseLogger - skip non existing resourceDirectory C:\Dinesh\Java\Eclipse_Projects\Java_Practice\SampleProgram\src\test\resources
2019-02-09 22:28:49,294 [Worker-1] INFO  c.g.t.t.d.PublishedGradleVersions - Gradle version information cache is up-to-date. Trying to read.
2019-02-09 22:28:52,808 [Worker-1] INFO  o.e.m.c.i.embedder.EclipseLogger - Using 'UTF-8' encoding to copy filtered resources.
2019-02-09 22:28:52,809 [Worker-1] INFO  o.e.m.c.i.embedder.EclipseLogger - skip non existing resourceDirectory C:\Dinesh\Java\Eclipse_Projects\Java_Practice\SampleProgram\src\main\resources
2019-02-09 22:28:52,810 [Worker-1] INFO  o.e.m.c.i.embedder.EclipseLogger - Using 'UTF-8' encoding to copy filtered resources.
2019-02-09 22:28:52,811 [Worker-1] INFO  o.e.m.c.i.embedder.EclipseLogger - skip non existing resourceDirectory C:\Dinesh\Java\Eclipse_Projects\Java_Practice\SampleProgram\src\test\resources
2019-02-10 11:45:26,675 [Worker-3] INFO  c.g.t.t.d.PublishedGradleVersions - Gradle version information cache is up-to-date. Trying to read.
2019-02-10 11:45:30,832 [Worker-5] INFO  o.e.m.c.i.embedder.EclipseLogger - Using 'UTF-8' encoding to copy filtered resources.
2019-02-10 11:45:30,834 [Worker-5] INFO  o.e.m.c.i.embedder.EclipseLogger - skip non existing resourceDirectory C:\Dinesh\Java\Eclipse_Projects\Java_Practice\SampleProgram\src\main\resources
2019-02-10 11:45:30,836 [Worker-5] INFO  o.e.m.c.i.embedder.EclipseLogger - Using 'UTF-8' encoding to copy filtered resources.
2019-02-10 11:45:30,837 [Worker-5] INFO  o.e.m.c.i.embedder.EclipseLogger - skip non existing resourceDirectory C:\Dinesh\Java\Eclipse_Projects\Java_Practice\SampleProgram\src\test\resources
2019-02-10 18:39:40,920 [Worker-0] INFO  c.g.t.t.d.PublishedGradleVersions - Gradle version information cache is out-of-date. Trying to update.
2019-02-10 18:39:44,753 [Worker-4] INFO  o.e.m.c.i.embedder.EclipseLogger - Using 'UTF-8' encoding to copy filtered resources.
2019-02-10 18:39:44,754 [Worker-4] INFO  o.e.m.c.i.embedder.EclipseLogger - skip non existing resourceDirectory C:\Dinesh\Java\Eclipse_Projects\Java_Practice\SampleProgram\src\main\resources
2019-02-10 18:39:44,756 [Worker-4] INFO  o.e.m.c.i.embedder.EclipseLogger - Using 'UTF-8' encoding to copy filtered resources.
2019-02-10 18:39:44,757 [Worker-4] INFO  o.e.m.c.i.embedder.EclipseLogger - skip non existing resourceDirectory C:\Dinesh\Java\Eclipse_Projects\Java_Practice\SampleProgram\src\test\resources
2019-02-16 19:54:56,704 [Worker-4] INFO  c.g.t.t.d.PublishedGradleVersions - Gradle version information cache is out-of-date. Trying to update.
2019-02-16 19:54:59,764 [Worker-8] INFO  o.e.m.c.i.embedder.EclipseLogger - Using 'UTF-8' encoding to copy filtered resources.
2019-02-16 19:54:59,765 [Worker-8] INFO  o.e.m.c.i.embedder.EclipseLogger - skip non existing resourceDirectory C:\Dinesh\Java\Eclipse_Projects\Java_Practice\SampleProgram\src\main\resources
2019-02-16 19:54:59,766 [Worker-8] INFO  o.e.m.c.i.embedder.EclipseLogger - Using 'UTF-8' encoding to copy filtered resources.
2019-02-16 19:54:59,767 [Worker-8] INFO  o.e.m.c.i.embedder.EclipseLogger - skip non existing resourceDirectory C:\Dinesh\Java\Eclipse_Projects\Java_Practice\SampleProgram\src\test\resources
2019-03-16 08:21:00,060 [Worker-0] INFO  c.g.t.t.d.PublishedGradleVersions - Gradle version information cache is up-to-date. Trying to read.
2019-03-16 08:21:03,099 [Worker-2] INFO  o.e.m.c.i.embedder.EclipseLogger - Using 'UTF-8' encoding to copy filtered resources.
2019-03-16 08:21:03,107 [Worker-2] INFO  o.e.m.c.i.embedder.EclipseLogger - skip non existing resourceDirectory C:\Dinesh\Java\Eclipse_Projects\Java_Practice\SampleProgram\src\main\resources
2019-03-16 08:21:03,109 [Worker-2] INFO  o.e.m.c.i.embedder.EclipseLogger - Using 'UTF-8' encoding to copy filtered resources.
2019-03-16 08:21:03,109 [Worker-2] INFO  o.e.m.c.i.embedder.EclipseLogger - skip non existing resourceDirectory C:\Dinesh\Java\Eclipse_Projects\Java_Practice\SampleProgram\src\test\resources
2019-03-18 22:46:15,544 [Worker-3] INFO  c.g.t.t.d.PublishedGradleVersions - Gradle version information cache is up-to-date. Trying to read.
2019-03-18 22:46:19,132 [Worker-6] INFO  o.e.m.c.i.embedder.EclipseLogger - Using 'UTF-8' encoding to copy filtered resources.
2019-03-18 22:46:19,134 [Worker-6] INFO  o.e.m.c.i.embedder.EclipseLogger - skip non existing resourceDirectory C:\Dinesh\Java\Eclipse_Projects\Java_Practice\SampleProgram\src\main\resources
2019-03-18 22:46:19,136 [Worker-6] INFO  o.e.m.c.i.embedder.EclipseLogger - Using 'UTF-8' encoding to copy filtered resources.
2019-03-18 22:46:19,137 [Worker-6] INFO  o.e.m.c.i.embedder.EclipseLogger - skip non existing resourceDirectory C:\Dinesh\Java\Eclipse_Projects\Java_Practice\SampleProgram\src\test\resources
2019-03-21 08:33:42,848 [Worker-0] INFO  c.g.t.t.d.PublishedGradleVersions - Gradle version information cache is up-to-date. Trying to read.
2019-03-21 08:33:46,211 [Worker-0] INFO  o.e.m.c.i.embedder.EclipseLogger - Using 'UTF-8' encoding to copy filtered resources.
2019-03-21 08:33:46,211 [Worker-0] INFO  o.e.m.c.i.embedder.EclipseLogger - skip non existing resourceDirectory C:\Dinesh\Java\Eclipse_Projects\Java_Practice\SampleProgram\src\main\resources
2019-03-21 08:33:46,213 [Worker-0] INFO  o.e.m.c.i.embedder.EclipseLogger - Using 'UTF-8' encoding to copy filtered resources.
2019-03-21 08:33:46,214 [Worker-0] INFO  o.e.m.c.i.embedder.EclipseLogger - skip non existing resourceDirectory C:\Dinesh\Java\Eclipse_Projects\Java_Practice\SampleProgram\src\test\resources
2019-03-26 20:45:29,292 [Worker-6] INFO  c.g.t.t.d.PublishedGradleVersions - Gradle version information cache is out-of-date. Trying to update.
2019-03-26 20:45:32,870 [Worker-10] INFO  o.e.m.c.i.embedder.EclipseLogger - Using 'UTF-8' encoding to copy filtered resources.
2019-03-26 20:45:32,872 [Worker-10] INFO  o.e.m.c.i.embedder.EclipseLogger - skip non existing resourceDirectory C:\Dinesh\Java\Eclipse_Projects\Java_Practice\SampleProgram\src\main\resources
2019-03-26 20:45:32,873 [Worker-10] INFO  o.e.m.c.i.embedder.EclipseLogger - Using 'UTF-8' encoding to copy filtered resources.
2019-03-26 20:45:32,874 [Worker-10] INFO  o.e.m.c.i.embedder.EclipseLogger - skip non existing resourceDirectory C:\Dinesh\Java\Eclipse_Projects\Java_Practice\SampleProgram\src\test\resources
2019-03-27 09:08:22,383 [Worker-3] INFO  c.g.t.t.d.PublishedGradleVersions - Gradle version information cache is up-to-date. Trying to read.
2019-03-27 09:08:25,889 [Worker-6] INFO  o.e.m.c.i.embedder.EclipseLogger - Using 'UTF-8' encoding to copy filtered resources.
2019-03-27 09:08:25,891 [Worker-6] INFO  o.e.m.c.i.embedder.EclipseLogger - skip non existing resourceDirectory C:\Dinesh\Java\Eclipse_Projects\Java_Practice\SampleProgram\src\main\resources
2019-03-27 09:08:25,892 [Worker-6] INFO  o.e.m.c.i.embedder.EclipseLogger - Using 'UTF-8' encoding to copy filtered resources.
2019-03-27 09:08:25,893 [Worker-6] INFO  o.e.m.c.i.embedder.EclipseLogger - skip non existing resourceDirectory C:\Dinesh\Java\Eclipse_Projects\Java_Practice\SampleProgram\src\test\resources
2019-03-31 23:44:35,024 [Worker-6] INFO  c.g.t.t.d.PublishedGradleVersions - Gradle version information cache is up-to-date. Trying to read.
2019-03-31 23:44:38,444 [Worker-8] INFO  o.e.m.c.i.embedder.EclipseLogger - Using 'UTF-8' encoding to copy filtered resources.
2019-03-31 23:44:38,445 [Worker-8] INFO  o.e.m.c.i.embedder.EclipseLogger - skip non existing resourceDirectory C:\Dinesh\Java\Eclipse_Projects\Java_Practice\SampleProgram\src\main\resources
2019-03-31 23:44:38,446 [Worker-8] INFO  o.e.m.c.i.embedder.EclipseLogger - Using 'UTF-8' encoding to copy filtered resources.
2019-03-31 23:44:38,447 [Worker-8] INFO  o.e.m.c.i.embedder.EclipseLogger - skip non existing resourceDirectory C:\Dinesh\Java\Eclipse_Projects\Java_Practice\SampleProgram\src\test\resources
